c:\users\kenny\source\repos\project2\project2\release\vc141.pdb
c:\users\kenny\source\repos\project2\project2\release\vboindexer.obj
c:\users\kenny\source\repos\project2\project2\release\texture.obj
c:\users\kenny\source\repos\project2\project2\release\text2d.obj
c:\users\kenny\source\repos\project2\project2\release\test.obj
c:\users\kenny\source\repos\project2\project2\release\tangentspace.obj
c:\users\kenny\source\repos\project2\project2\release\shader.obj
c:\users\kenny\source\repos\project2\project2\release\quaternion_utils.obj
c:\users\kenny\source\repos\project2\project2\release\objloader.obj
c:\users\kenny\source\repos\project2\project2\release\controls.obj
c:\users\kenny\source\repos\project2\release\project2.exe
c:\users\kenny\source\repos\project2\release\project2.pdb
c:\users\kenny\source\repos\project2\release\project2.ipdb
c:\users\kenny\source\repos\project2\release\project2.iobj
c:\users\kenny\source\repos\project2\project2\release\project2.tlog\cl.command.1.tlog
c:\users\kenny\source\repos\project2\project2\release\project2.tlog\cl.read.1.tlog
c:\users\kenny\source\repos\project2\project2\release\project2.tlog\cl.write.1.tlog
c:\users\kenny\source\repos\project2\project2\release\project2.tlog\link.command.1.tlog
c:\users\kenny\source\repos\project2\project2\release\project2.tlog\link.read.1.tlog
c:\users\kenny\source\repos\project2\project2\release\project2.tlog\link.write.1.tlog
c:\users\kenny\source\repos\project2\project2\release\project2.tlog\project2.write.1u.tlog
