c:\users\kenny\source\repos\glgi\windows\glgi\glgi_64\x64\debug\glgi_64.pch
c:\users\kenny\source\repos\glgi\windows\glgi\glgi_64\x64\debug\vc141.pdb
c:\users\kenny\source\repos\glgi\windows\glgi\glgi_64\x64\debug\vc141.idb
c:\users\kenny\source\repos\glgi\windows\glgi\glgi_64\x64\debug\stdafx.obj
c:\users\kenny\source\repos\glgi\windows\glgi\glgi_64\x64\debug\window.obj
c:\users\kenny\source\repos\glgi\windows\glgi\glgi_64\x64\debug\vboindexer.obj
c:\users\kenny\source\repos\glgi\windows\glgi\glgi_64\x64\debug\tiny_obj_loader.obj
c:\users\kenny\source\repos\glgi\windows\glgi\glgi_64\x64\debug\texture.obj
c:\users\kenny\source\repos\glgi\windows\glgi\glgi_64\x64\debug\text2d.obj
c:\users\kenny\source\repos\glgi\windows\glgi\glgi_64\x64\debug\tangentspace.obj
c:\users\kenny\source\repos\glgi\windows\glgi\glgi_64\x64\debug\shader.obj
c:\users\kenny\source\repos\glgi\windows\glgi\glgi_64\x64\debug\scene.obj
c:\users\kenny\source\repos\glgi\windows\glgi\glgi_64\x64\debug\resourcemanager.obj
c:\users\kenny\source\repos\glgi\windows\glgi\glgi_64\x64\debug\renderer.obj
c:\users\kenny\source\repos\glgi\windows\glgi\glgi_64\x64\debug\quaternion_utils.obj
c:\users\kenny\source\repos\glgi\windows\glgi\glgi_64\x64\debug\packedvertex.obj
c:\users\kenny\source\repos\glgi\windows\glgi\glgi_64\x64\debug\objloader.obj
c:\users\kenny\source\repos\glgi\windows\glgi\glgi_64\x64\debug\object.obj
c:\users\kenny\source\repos\glgi\windows\glgi\glgi_64\x64\debug\mesh.obj
c:\users\kenny\source\repos\glgi\windows\glgi\glgi_64\x64\debug\inputmanager.obj
c:\users\kenny\source\repos\glgi\windows\glgi\glgi_64\x64\debug\glgi.obj
c:\users\kenny\source\repos\glgi\windows\glgi\glgi_64\x64\debug\dllmain.obj
c:\users\kenny\source\repos\glgi\windows\glgi\glgi_64\x64\debug\controls.obj
c:\users\kenny\source\repos\glgi\windows\glgi\glgi_64\x64\debug\camera.obj
c:\users\kenny\source\repos\glgi\windows\glgi\glgi_64\build\glgi_64.lib
c:\users\kenny\source\repos\glgi\windows\glgi\glgi_64\build\glgi_64.exp
c:\users\kenny\source\repos\glgi\windows\glgi\glgi_64\build\glgi_64.ilk
c:\users\kenny\source\repos\glgi\windows\glgi\glgi_64\build\glgi_64.dll
c:\users\kenny\source\repos\glgi\windows\glgi\glgi_64\build\glgi_64.pdb
c:\users\kenny\source\repos\glgi\windows\glgi\glgi_64\x64\debug\glgi_64.tlog\cl.command.1.tlog
c:\users\kenny\source\repos\glgi\windows\glgi\glgi_64\x64\debug\glgi_64.tlog\cl.read.1.tlog
c:\users\kenny\source\repos\glgi\windows\glgi\glgi_64\x64\debug\glgi_64.tlog\cl.write.1.tlog
c:\users\kenny\source\repos\glgi\windows\glgi\glgi_64\x64\debug\glgi_64.tlog\glgi_64.write.1u.tlog
c:\users\kenny\source\repos\glgi\windows\glgi\glgi_64\x64\debug\glgi_64.tlog\link.command.1.tlog
c:\users\kenny\source\repos\glgi\windows\glgi\glgi_64\x64\debug\glgi_64.tlog\link.read.1.tlog
c:\users\kenny\source\repos\glgi\windows\glgi\glgi_64\x64\debug\glgi_64.tlog\link.write.1.tlog
