c:\users\kenny\source\repos\project2\project2\debug\vc141.pdb
c:\users\kenny\source\repos\project2\project2\debug\vc141.idb
c:\users\kenny\source\repos\project2\project2\debug\controls.obj
c:\users\kenny\source\repos\project2\project2\debug\objloader.obj
c:\users\kenny\source\repos\project2\project2\debug\quaternion_utils.obj
c:\users\kenny\source\repos\project2\project2\debug\shader.obj
c:\users\kenny\source\repos\project2\project2\debug\tangentspace.obj
c:\users\kenny\source\repos\project2\project2\debug\test.obj
c:\users\kenny\source\repos\project2\project2\debug\text2d.obj
c:\users\kenny\source\repos\project2\project2\debug\texture.obj
c:\users\kenny\source\repos\project2\project2\debug\vboindexer.obj
c:\users\kenny\source\repos\project2\debug\project2.pdb
c:\users\kenny\source\repos\project2\project2\debug\project2.tlog\cl.command.1.tlog
c:\users\kenny\source\repos\project2\project2\debug\project2.tlog\cl.read.1.tlog
c:\users\kenny\source\repos\project2\project2\debug\project2.tlog\cl.write.1.tlog
c:\users\kenny\source\repos\project2\project2\debug\project2.tlog\link-cvtres.read.1.tlog
c:\users\kenny\source\repos\project2\project2\debug\project2.tlog\link-cvtres.write.1.tlog
c:\users\kenny\source\repos\project2\project2\debug\project2.tlog\link-rc.read.1.tlog
c:\users\kenny\source\repos\project2\project2\debug\project2.tlog\link-rc.write.1.tlog
c:\users\kenny\source\repos\project2\project2\debug\project2.tlog\link.command.1.tlog
c:\users\kenny\source\repos\project2\project2\debug\project2.tlog\link.read.1.tlog
c:\users\kenny\source\repos\project2\project2\debug\project2.tlog\link.write.1.tlog
