c:\users\kenny\source\repos\glgi\windows\glgi\glgi\debug\glgi.pch
c:\users\kenny\source\repos\glgi\windows\glgi\glgi\debug\vc141.pdb
c:\users\kenny\source\repos\glgi\windows\glgi\glgi\debug\vc141.idb
c:\users\kenny\source\repos\glgi\windows\glgi\glgi\debug\stdafx.obj
c:\users\kenny\source\repos\glgi\windows\glgi\glgi\debug\controls.obj
c:\users\kenny\source\repos\glgi\windows\glgi\glgi\debug\dllmain.obj
c:\users\kenny\source\repos\glgi\windows\glgi\glgi\debug\glgi.obj
c:\users\kenny\source\repos\glgi\windows\glgi\glgi\debug\objloader.obj
c:\users\kenny\source\repos\glgi\windows\glgi\glgi\debug\quaternion_utils.obj
c:\users\kenny\source\repos\glgi\windows\glgi\glgi\debug\scene.obj
c:\users\kenny\source\repos\glgi\windows\glgi\glgi\debug\shader.obj
c:\users\kenny\source\repos\glgi\windows\glgi\glgi\debug\tangentspace.obj
c:\users\kenny\source\repos\glgi\windows\glgi\glgi\debug\text2d.obj
c:\users\kenny\source\repos\glgi\windows\glgi\glgi\debug\texture.obj
c:\users\kenny\source\repos\glgi\windows\glgi\glgi\debug\vboindexer.obj
c:\users\kenny\source\repos\glgi\windows\glgi\debug\glgi.lib
c:\users\kenny\source\repos\glgi\windows\glgi\debug\glgi.exp
c:\users\kenny\source\repos\glgi\windows\glgi\debug\glgi.ilk
c:\users\kenny\source\repos\glgi\windows\glgi\debug\glgi.dll
c:\users\kenny\source\repos\glgi\windows\glgi\debug\glgi.pdb
c:\users\kenny\source\repos\glgi\windows\glgi\glgi\debug\glgi.tlog\cl.command.1.tlog
c:\users\kenny\source\repos\glgi\windows\glgi\glgi\debug\glgi.tlog\cl.read.1.tlog
c:\users\kenny\source\repos\glgi\windows\glgi\glgi\debug\glgi.tlog\cl.write.1.tlog
c:\users\kenny\source\repos\glgi\windows\glgi\glgi\debug\glgi.tlog\glgi.write.1u.tlog
c:\users\kenny\source\repos\glgi\windows\glgi\glgi\debug\glgi.tlog\link.command.1.tlog
c:\users\kenny\source\repos\glgi\windows\glgi\glgi\debug\glgi.tlog\link.read.1.tlog
c:\users\kenny\source\repos\glgi\windows\glgi\glgi\debug\glgi.tlog\link.write.1.tlog
